2024-06-26 18:42:18,032 - weather_app - INFO - Запуск приложения
2024-06-26 18:42:23,186 - weather_app - INFO - Запрос на стартовую страницу
2024-06-26 18:42:25,527 - weather_app - INFO - Добавление города: Орел
2024-06-26 18:42:25,528 - weather_app - INFO - Запрос погоды для города: Орел
2024-06-26 18:42:26,792 - weather_app - INFO - Добавление города: Орел
2024-06-26 18:42:26,793 - weather_app - INFO - Запрос погоды для города: Орел
2024-06-26 18:42:27,085 - weather_app - INFO - Успешно получены данные погоды для города: Орел
2024-06-26 18:42:27,085 - weather_app - DEBUG - Город  Орел добавлен для Mozilla/5.0 (Macintosh; Intel Mac OS X 10_15_7) AppleWebKit/537.36 (KHTML, like Gecko) Chrome/126.0.0.0 Safari/537.36
2024-06-26 18:42:27,085 - weather_app - DEBUG - Выбран случайный город после добавления: Орел
2024-06-26 18:42:27,094 - weather_app - INFO - Запрос на город: Орел
2024-06-26 18:42:27,094 - weather_app - INFO - Запрос погоды для города: Орел
2024-06-26 18:42:27,158 - weather_app - INFO - Добавление города: Орел
2024-06-26 18:42:27,158 - weather_app - INFO - Запрос погоды для города: Орел
2024-06-26 18:42:27,355 - weather_app - INFO - Успешно получены данные погоды для города: Орел
2024-06-26 18:42:27,508 - weather_app - INFO - Добавление города: Орел
2024-06-26 18:42:27,508 - weather_app - INFO - Запрос погоды для города: Орел
2024-06-26 18:42:27,970 - weather_app - INFO - Успешно получены данные погоды для города: Орел
2024-06-26 18:42:27,971 - weather_app - DEBUG - Город уже существует: Орел
2024-06-26 18:42:27,979 - weather_app - INFO - Успешно получены данные погоды для города: Орел
2024-06-26 18:42:27,981 - weather_app - DEBUG - Город уже существует: Орел
2024-06-26 18:42:27,989 - weather_app - INFO - Запрос на город: Орел
2024-06-26 18:42:27,990 - weather_app - INFO - Запрос погоды для города: Орел
2024-06-26 18:42:28,409 - weather_app - INFO - Успешно получены данные погоды для города: Орел
2024-06-26 18:42:28,606 - weather_app - INFO - Успешно получены данные погоды для города: Орел
2024-06-26 18:42:28,607 - weather_app - DEBUG - Город уже существует: Орел
2024-06-26 18:42:33,958 - weather_app - INFO - Добавление города: Москва
2024-06-26 18:42:33,959 - weather_app - INFO - Запрос погоды для города: Москва
2024-06-26 18:42:36,623 - weather_app - INFO - Успешно получены данные погоды для города: Москва
2024-06-26 18:42:36,624 - weather_app - DEBUG - Город  Москва добавлен для Mozilla/5.0 (Macintosh; Intel Mac OS X 10_15_7) AppleWebKit/537.36 (KHTML, like Gecko) Chrome/126.0.0.0 Safari/537.36
2024-06-26 18:42:36,625 - weather_app - DEBUG - Выбран случайный город после добавления: Москва
2024-06-26 18:42:36,634 - weather_app - INFO - Запрос на город: Москва
2024-06-26 18:42:36,635 - weather_app - INFO - Запрос погоды для города: Москва
2024-06-26 18:42:36,996 - weather_app - INFO - Успешно получены данные погоды для города: Москва
2024-06-26 18:42:40,326 - weather_app - INFO - Запрос на город: Орел
2024-06-26 18:42:40,327 - weather_app - INFO - Запрос погоды для города: Орел
2024-06-26 18:42:41,922 - weather_app - INFO - Успешно получены данные погоды для города: Орел
2024-06-26 18:43:14,480 - weather_app - INFO - Запрос на город: Орел
2024-06-26 18:43:14,482 - weather_app - INFO - Запрос погоды для города: Орел
2024-06-26 18:43:14,673 - weather_app - INFO - Успешно получены данные погоды для города: Орел
2024-06-26 18:43:15,087 - weather_app - INFO - Запрос на город: Москва
2024-06-26 18:43:15,087 - weather_app - INFO - Запрос погоды для города: Москва
2024-06-26 18:43:15,256 - weather_app - INFO - Успешно получены данные погоды для города: Москва
2024-06-26 18:43:16,189 - weather_app - INFO - Запрос на город: Орел
2024-06-26 18:43:16,190 - weather_app - INFO - Запрос погоды для города: Орел
2024-06-26 18:43:17,411 - weather_app - INFO - Успешно получены данные погоды для города: Орел
2024-06-26 18:43:19,627 - weather_app - INFO - Запрос на город: Москва
2024-06-26 18:43:19,628 - weather_app - INFO - Запрос погоды для города: Москва
2024-06-26 18:43:19,790 - weather_app - INFO - Успешно получены данные погоды для города: Москва
2024-06-26 18:43:20,777 - weather_app - INFO - Запрос на город: Орел
2024-06-26 18:43:20,778 - weather_app - INFO - Запрос погоды для города: Орел
2024-06-26 18:43:22,071 - weather_app - INFO - Успешно получены данные погоды для города: Орел
2024-06-26 18:43:26,372 - weather_app - INFO - Добавление города: СПБ
2024-06-26 18:43:26,373 - weather_app - INFO - Запрос погоды для города: СПБ
2024-06-26 18:43:26,538 - weather_app - ERROR - Ошибка при запросе погоды: {'cod': '404', 'message': 'city not found'}
2024-06-26 18:43:26,538 - weather_app - WARNING - Не удалось получить данные для города: СПБ
2024-06-26 18:43:26,549 - weather_app - INFO - Запрос на стартовую страницу
2024-06-26 18:43:33,407 - weather_app - INFO - Добавление города: Санкт-Петербург
2024-06-26 18:43:33,408 - weather_app - INFO - Запрос погоды для города: Санкт-Петербург
2024-06-26 18:43:33,593 - weather_app - INFO - Успешно получены данные погоды для города: Санкт-Петербург
2024-06-26 18:43:33,594 - weather_app - DEBUG - Город  Санкт-Петербург добавлен для Mozilla/5.0 (Macintosh; Intel Mac OS X 10_15_7) AppleWebKit/537.36 (KHTML, like Gecko) Chrome/126.0.0.0 Safari/537.36
2024-06-26 18:43:33,595 - weather_app - DEBUG - Выбран случайный город после добавления: Орел
2024-06-26 18:43:33,606 - weather_app - INFO - Запрос на город: Орел
2024-06-26 18:43:33,607 - weather_app - INFO - Запрос погоды для города: Орел
2024-06-26 18:43:33,783 - weather_app - INFO - Успешно получены данные погоды для города: Орел
2024-06-26 18:43:35,127 - weather_app - INFO - Запрос на город: Санкт-Петербург
2024-06-26 18:43:35,128 - weather_app - INFO - Запрос погоды для города: Санкт-Петербург
2024-06-26 18:43:35,311 - weather_app - INFO - Успешно получены данные погоды для города: Санкт-Петербург
2024-06-26 18:43:38,430 - weather_app - INFO - Добавление города: 111
2024-06-26 18:43:38,430 - weather_app - INFO - Запрос погоды для города: 111
2024-06-26 18:43:38,649 - weather_app - INFO - Успешно получены данные погоды для города: 111
2024-06-26 18:43:38,650 - weather_app - DEBUG - Город  111 добавлен для Mozilla/5.0 (Macintosh; Intel Mac OS X 10_15_7) AppleWebKit/537.36 (KHTML, like Gecko) Chrome/126.0.0.0 Safari/537.36
2024-06-26 18:43:38,651 - weather_app - DEBUG - Выбран случайный город после добавления: 111
2024-06-26 18:43:38,663 - weather_app - INFO - Запрос на город: 111
2024-06-26 18:43:38,663 - weather_app - INFO - Запрос погоды для города: 111
2024-06-26 18:43:38,821 - weather_app - INFO - Успешно получены данные погоды для города: 111
2024-06-26 18:43:39,576 - weather_app - INFO - Запрос на город: 111
2024-06-26 18:43:39,577 - weather_app - INFO - Запрос погоды для города: 111
2024-06-26 18:43:40,117 - weather_app - INFO - Успешно получены данные погоды для города: 111
2024-06-26 18:43:58,879 - weather_app - INFO - Запрос на город: Санкт-Петербург
2024-06-26 18:43:58,882 - weather_app - INFO - Запрос погоды для города: Санкт-Петербург
2024-06-26 18:43:59,051 - weather_app - INFO - Успешно получены данные погоды для города: Санкт-Петербург
2024-06-26 18:44:00,159 - weather_app - INFO - Запрос на город: Москва
2024-06-26 18:44:00,160 - weather_app - INFO - Запрос погоды для города: Москва
2024-06-26 18:44:00,840 - weather_app - INFO - Успешно получены данные погоды для города: Москва
2024-06-26 18:44:01,960 - weather_app - INFO - Запрос на город: Орел
2024-06-26 18:44:01,960 - weather_app - INFO - Запрос погоды для города: Орел
2024-06-26 18:44:02,350 - weather_app - INFO - Успешно получены данные погоды для города: Орел
2024-06-26 18:45:09,588 - weather_app - INFO - Запуск приложения
2024-06-26 18:45:10,672 - weather_app - INFO - Запрос на город: Орел
2024-06-26 18:45:10,673 - weather_app - INFO - Запрос погоды для города: Орел
2024-06-26 18:45:11,017 - weather_app - INFO - Успешно получены данные погоды для города: Орел
